Log file open, 07/24/18 18:38:35
LogWindows: Failed to load 'aqProf.dll' (GetLastError=126)
LogWindows: File 'aqProf.dll' does not exist
LogWindows: Failed to load 'VtuneApi.dll' (GetLastError=126)
LogWindows: File 'VtuneApi.dll' does not exist
LogWindows: Failed to load 'VtuneApi32e.dll' (GetLastError=126)
LogWindows: File 'VtuneApi32e.dll' does not exist
LogInit: Display: Running engine for game: Library
LogPlatformFile: Not using cached read wrapper
LogInit: Display: RandInit(1020710420) SRandInit(1020710420).
LogInit: Read version file with build ID '3944462'
LogInit: Overriding engine version to CL 4033788, compatible CL 3944462
LogInit: Registered custom module enumerator with build ID '3944462'
LogTaskGraph: Started task graph with 5 named threads and 23 total threads with 3 sets of task threads.
LogStats: Stats thread started at 0.603885
LogD3D11RHI: Aftermath initialized
LogICUInternationalization: Display: ICU TimeZone Detection - Raw Offset: -7:00, Platform Override: ''
LogModuleManager: Display: Found up-to-date module file ../../../Engine/Plugins/Marketplace/Substance/Binaries/Win64/UE4Editor-SubstanceCore.dll (API version 3944462).
LogModuleManager: Display: Found up-to-date module file ../../../Engine/Plugins/Marketplace/Substance/Binaries/Win64/UE4Editor-SubstanceEditor.dll (API version 3944462).
LogModuleManager: Display: Found up-to-date module file ../../../Engine/Plugins/Marketplace/Substance/Binaries/Win64/UE4Editor-SubstanceSource.dll (API version 3944462).
LogModuleManager: Display: Found up-to-date module file ../../../Engine/Plugins/Marketplace/Substance/Binaries/Win64/UE4Editor-SubstanceLiveLink.dll (API version 3944462).
LogModuleManager: Display: Found up-to-date module file ../../../Engine/Plugins/2D/Paper2D/Binaries/Win64/UE4Editor-Paper2D.dll (API version 3944462).
LogModuleManager: Display: Found up-to-date module file ../../../Engine/Plugins/2D/Paper2D/Binaries/Win64/UE4Editor-Paper2DEditor.dll (API version 3944462).
LogModuleManager: Display: Found up-to-date module file ../../../Engine/Plugins/2D/Paper2D/Binaries/Win64/UE4Editor-PaperSpriteSheetImporter.dll (API version 3944462).
LogModuleManager: Display: Found up-to-date module file ../../../Engine/Plugins/2D/Paper2D/Binaries/Win64/UE4Editor-PaperTiledImporter.dll (API version 3944462).
LogModuleManager: Display: Found up-to-date module file ../../../Engine/Plugins/2D/Paper2D/Binaries/Win64/UE4Editor-SmartSnapping.dll (API version 3944462).
LogModuleManager: Display: Found up-to-date module file ../../../Engine/Plugins/Blendables/LightPropagationVolume/Binaries/Win64/UE4Editor-LightPropagationVolumeRuntime.dll (API version 3944462).
LogModuleManager: Display: Found up-to-date module file ../../../Engine/Plugins/Blendables/LightPropagationVolume/Binaries/Win64/UE4Editor-LightPropagationVolumeEditor.dll (API version 3944462).
LogModuleManager: Display: Found up-to-date module file ../../../Engine/Plugins/Developer/CLionSourceCodeAccess/Binaries/Win64/UE4Editor-CLionSourceCodeAccess.dll (API version 3944462).
LogModuleManager: Display: Found up-to-date module file ../../../Engine/Plugins/Developer/GitSourceControl/Binaries/Win64/UE4Editor-GitSourceControl.dll (API version 3944462).
LogModuleManager: Display: Found up-to-date module file ../../../Engine/Plugins/Developer/PerforceSourceControl/Binaries/Win64/UE4Editor-PerforceSourceControl.dll (API version 3944462).
LogModuleManager: Display: Found up-to-date module file ../../../Engine/Plugins/Developer/SubversionSourceControl/Binaries/Win64/UE4Editor-SubversionSourceControl.dll (API version 3944462).
LogModuleManager: Display: Found up-to-date module file ../../../Engine/Plugins/Developer/UObjectPlugin/Binaries/Win64/UE4Editor-UObjectPlugin.dll (API version 3944462).
LogModuleManager: Display: Found up-to-date module file ../../../Engine/Plugins/Developer/VisualStudioCodeSourceCodeAccess/Binaries/Win64/UE4Editor-VisualStudioCodeSourceCodeAccess.dll (API version 3944462).
LogModuleManager: Display: Found up-to-date module file ../../../Engine/Plugins/Developer/VisualStudioSourceCodeAccess/Binaries/Win64/UE4Editor-VisualStudioSourceCodeAccess.dll (API version 3944462).
LogModuleManager: Display: Found up-to-date module file ../../../Engine/Plugins/Editor/AssetManagerEditor/Binaries/Win64/UE4Editor-AssetManagerEditor.dll (API version 3944462).
LogModuleManager: Display: Found up-to-date module file ../../../Engine/Plugins/Editor/CryptoKeys/Binaries/Win64/UE4Editor-CryptoKeys.dll (API version 3944462).
LogModuleManager: Display: Found up-to-date module file ../../../Engine/Plugins/Editor/CryptoKeys/Binaries/Win64/UE4Editor-CryptoKeysOpenSSL.dll (API version 3944462).
LogModuleManager: Display: Found up-to-date module file ../../../Engine/Plugins/Editor/DataValidation/Binaries/Win64/UE4Editor-DataValidation.dll (API version 3944462).
LogModuleManager: Display: Found up-to-date module file ../../../Engine/Plugins/Editor/FacialAnimation/Binaries/Win64/UE4Editor-FacialAnimation.dll (API version 3944462).
LogModuleManager: Display: Found up-to-date module file ../../../Engine/Plugins/Editor/FacialAnimation/Binaries/Win64/UE4Editor-FacialAnimationEditor.dll (API version 3944462).
LogModuleManager: Display: Found up-to-date module file ../../../Engine/Plugins/Editor/GameplayTagsEditor/Binaries/Win64/UE4Editor-GameplayTagsEditor.dll (API version 3944462).
LogModuleManager: Display: Found up-to-date module file ../../../Engine/Plugins/Editor/MobileLauncherProfileWizard/Binaries/Win64/UE4Editor-MobileLauncherProfileWizard.dll (API version 3944462).
LogModuleManager: Display: Found up-to-date module file ../../../Engine/Plugins/Editor/PluginBrowser/Binaries/Win64/UE4Editor-PluginBrowser.dll (API version 3944462).
LogModuleManager: Display: Found up-to-date module file ../../../Engine/Plugins/Editor/SpeedTreeImporter/Binaries/Win64/UE4Editor-SpeedTreeImporter.dll (API version 3944462).
LogModuleManager: Display: Found up-to-date module file ../../../Engine/Plugins/Enterprise/DatasmithContent/Binaries/Win64/UE4Editor-DatasmithContent.dll (API version 3944462).
LogModuleManager: Display: Found up-to-date module file ../../../Engine/Plugins/Experimental/AlembicImporter/Binaries/Win64/UE4Editor-AlembicImporter.dll (API version 3944462).
LogModuleManager: Display: Found up-to-date module file ../../../Engine/Plugins/Experimental/AlembicImporter/Binaries/Win64/UE4Editor-AlembicLibrary.dll (API version 3944462).
LogModuleManager: Display: Found up-to-date module file ../../../Engine/Plugins/Experimental/CharacterAI/Binaries/Win64/UE4Editor-CharacterAI.dll (API version 3944462).
LogModuleManager: Display: Found up-to-date module file ../../../Engine/Plugins/Experimental/HTML5Networking/Binaries/Win64/UE4Editor-HTML5Networking.dll (API version 3944462).
LogModuleManager: Display: Found up-to-date module file ../../../Engine/Plugins/Media/AndroidMedia/Binaries/Win64/UE4Editor-AndroidMediaEditor.dll (API version 3944462).
LogModuleManager: Display: Found up-to-date module file ../../../Engine/Plugins/Media/AndroidMedia/Binaries/Win64/UE4Editor-AndroidMediaFactory.dll (API version 3944462).
LogModuleManager: Display: Found up-to-date module file ../../../Engine/Plugins/Media/AvfMedia/Binaries/Win64/UE4Editor-AvfMediaEditor.dll (API version 3944462).
LogModuleManager: Display: Found up-to-date module file ../../../Engine/Plugins/Media/AvfMedia/Binaries/Win64/UE4Editor-AvfMediaFactory.dll (API version 3944462).
LogModuleManager: Display: Found up-to-date module file ../../../Engine/Plugins/Media/AvfMedia/Binaries/Win64/UE4Editor-AvfMediaFactory.dll (API version 3944462).
LogModuleManager: Display: Found up-to-date module file ../../../Engine/Plugins/Media/ImgMedia/Binaries/Win64/UE4Editor-ImgMedia.dll (API version 3944462).
LogModuleManager: Display: Found up-to-date module file ../../../Engine/Plugins/Media/ImgMedia/Binaries/Win64/UE4Editor-ImgMediaEditor.dll (API version 3944462).
LogModuleManager: Display: Found up-to-date module file ../../../Engine/Plugins/Media/ImgMedia/Binaries/Win64/UE4Editor-ImgMediaFactory.dll (API version 3944462).
LogModuleManager: Display: Found up-to-date module file ../../../Engine/Plugins/Media/ImgMedia/Binaries/Win64/UE4Editor-ImgMediaFactory.dll (API version 3944462).
LogModuleManager: Display: Found up-to-date module file ../../../Engine/Plugins/Media/ImgMedia/Binaries/Win64/UE4Editor-OpenExrWrapper.dll (API version 3944462).
LogModuleManager: Display: Found up-to-date module file ../../../Engine/Plugins/Media/LinearTimecode/Binaries/Win64/UE4Editor-LinearTimecode.dll (API version 3944462).
LogModuleManager: Display: Found up-to-date module file ../../../Engine/Plugins/Media/MediaCompositing/Binaries/Win64/UE4Editor-MediaCompositing.dll (API version 3944462).
LogModuleManager: Display: Found up-to-date module file ../../../Engine/Plugins/Media/MediaCompositing/Binaries/Win64/UE4Editor-MediaCompositingEditor.dll (API version 3944462).
LogModuleManager: Display: Found up-to-date module file ../../../Engine/Plugins/Media/MediaPlayerEditor/Binaries/Win64/UE4Editor-MediaPlayerEditor.dll (API version 3944462).
LogModuleManager: Display: Found up-to-date module file ../../../Engine/Plugins/Media/WmfMedia/Binaries/Win64/UE4Editor-WmfMedia.dll (API version 3944462).
LogModuleManager: Display: Found up-to-date module file ../../../Engine/Plugins/Media/WmfMedia/Binaries/Win64/UE4Editor-WmfMediaEditor.dll (API version 3944462).
LogModuleManager: Display: Found up-to-date module file ../../../Engine/Plugins/Media/WmfMedia/Binaries/Win64/UE4Editor-WmfMediaFactory.dll (API version 3944462).
LogModuleManager: Display: Found up-to-date module file ../../../Engine/Plugins/Media/WmfMedia/Binaries/Win64/UE4Editor-WmfMediaFactory.dll (API version 3944462).
LogModuleManager: Display: Found up-to-date module file ../../../Engine/Plugins/Messaging/TcpMessaging/Binaries/Win64/UE4Editor-TcpMessaging.dll (API version 3944462).
LogModuleManager: Display: Found up-to-date module file ../../../Engine/Plugins/Messaging/UdpMessaging/Binaries/Win64/UE4Editor-UdpMessaging.dll (API version 3944462).
LogModuleManager: Display: Found up-to-date module file ../../../Engine/Plugins/MovieScene/ActorSequence/Binaries/Win64/UE4Editor-ActorSequence.dll (API version 3944462).
LogModuleManager: Display: Found up-to-date module file ../../../Engine/Plugins/MovieScene/LevelSequenceEditor/Binaries/Win64/UE4Editor-LevelSequenceEditor.dll (API version 3944462).
LogModuleManager: Display: Found up-to-date module file ../../../Engine/Plugins/MovieScene/MatineeToLevelSequence/Binaries/Win64/UE4Editor-MatineeToLevelSequence.dll (API version 3944462).
LogModuleManager: Display: Found up-to-date module file ../../../Engine/Plugins/NetcodeUnitTest/NetcodeUnitTest/Binaries/Win64/UE4Editor-NetcodeUnitTest.dll (API version 3944462).
LogModuleManager: Display: Found up-to-date module file ../../../Engine/Plugins/NetcodeUnitTest/NUTUnrealEngine4/Binaries/Win64/UE4Editor-NUTUnrealEngine4.dll (API version 3944462).
LogModuleManager: Display: Found up-to-date module file ../../../Engine/Plugins/Online/OnlineSubsystem/Binaries/Win64/UE4Editor-OnlineSubsystem.dll (API version 3944462).
LogModuleManager: Display: Found up-to-date module file ../../../Engine/Plugins/Runtime/AndroidPermission/Binaries/Win64/UE4Editor-AndroidPermission.dll (API version 3944462).
LogModuleManager: Display: Found up-to-date module file ../../../Engine/Plugins/Online/OnlineSubsystemNull/Binaries/Win64/UE4Editor-OnlineSubsystemNull.dll (API version 3944462).
LogModuleManager: Display: Found up-to-date module file ../../../Engine/Plugins/Online/OnlineSubsystemUtils/Binaries/Win64/UE4Editor-OnlineSubsystemUtils.dll (API version 3944462).
LogModuleManager: Display: Found up-to-date module file ../../../Engine/Plugins/Online/OnlineSubsystemUtils/Binaries/Win64/UE4Editor-OnlineBlueprintSupport.dll (API version 3944462).
LogModuleManager: Display: Found up-to-date module file ../../../Engine/Plugins/Runtime/AndroidDeviceProfileSelector/Binaries/Win64/UE4Editor-AndroidDeviceProfileSelector.dll (API version 3944462).
LogModuleManager: Display: Found up-to-date module file ../../../Engine/Plugins/Runtime/AppleARKit/Binaries/Win64/UE4Editor-AppleARKit.dll (API version 3944462).
LogModuleManager: Display: Found up-to-date module file ../../../Engine/Plugins/Runtime/ProceduralMeshComponent/Binaries/Win64/UE4Editor-ProceduralMeshComponent.dll (API version 3944462).
LogModuleManager: Display: Found up-to-date module file ../../../Engine/Plugins/Runtime/ProceduralMeshComponent/Binaries/Win64/UE4Editor-ProceduralMeshComponentEditor.dll (API version 3944462).
LogModuleManager: Display: Found up-to-date module file ../../../Engine/Plugins/Animation/LiveLink/Binaries/Win64/UE4Editor-LiveLink.dll (API version 3944462).
LogModuleManager: Display: Found up-to-date module file ../../../Engine/Plugins/Animation/LiveLink/Binaries/Win64/UE4Editor-LiveLinkEditor.dll (API version 3944462).
LogModuleManager: Display: Found up-to-date module file ../../../Engine/Plugins/Runtime/ArchVisCharacter/Binaries/Win64/UE4Editor-ArchVisCharacter.dll (API version 3944462).
LogModuleManager: Display: Found up-to-date module file ../../../Engine/Plugins/Runtime/AudioCapture/Binaries/Win64/UE4Editor-AudioCapture.dll (API version 3944462).
LogModuleManager: Display: Found up-to-date module file ../../../Engine/Plugins/Runtime/AudioCapture/Binaries/Win64/UE4Editor-AudioCaptureEditor.dll (API version 3944462).
LogModuleManager: Display: Found up-to-date module file ../../../Engine/Plugins/Runtime/CableComponent/Binaries/Win64/UE4Editor-CableComponent.dll (API version 3944462).
LogModuleManager: Display: Found up-to-date module file ../../../Engine/Plugins/Runtime/CustomMeshComponent/Binaries/Win64/UE4Editor-CustomMeshComponent.dll (API version 3944462).
LogModuleManager: Display: Found up-to-date module file ../../../Engine/Plugins/Runtime/ExampleDeviceProfileSelector/Binaries/Win64/UE4Editor-ExampleDeviceProfileSelector.dll (API version 3944462).
LogModuleManager: Display: Found up-to-date module file ../../../Engine/Plugins/Runtime/ImmediatePhysics/Binaries/Win64/UE4Editor-ImmediatePhysics.dll (API version 3944462).
LogModuleManager: Display: Found up-to-date module file ../../../Engine/Plugins/Runtime/ImmediatePhysics/Binaries/Win64/UE4Editor-ImmediatePhysicsEditor.dll (API version 3944462).
LogModuleManager: Display: Found up-to-date module file ../../../Engine/Plugins/Runtime/LocationServicesBPLibrary/Binaries/Win64/UE4Editor-LocationServicesBPLibrary.dll (API version 3944462).
LogModuleManager: Display: Found up-to-date module file ../../../Engine/Plugins/Runtime/MobilePatchingUtils/Binaries/Win64/UE4Editor-MobilePatchingUtils.dll (API version 3944462).
LogModuleManager: Display: Found up-to-date module file ../../../Engine/Plugins/Runtime/Oculus/OculusVR/Binaries/Win64/UE4Editor-OculusHMD.dll (API version 3944462).
LogModuleManager: Display: Found up-to-date module file ../../../Engine/Plugins/Runtime/Oculus/OculusVR/Binaries/Win64/UE4Editor-OculusInput.dll (API version 3944462).
LogModuleManager: Display: Found up-to-date module file ../../../Engine/Plugins/Runtime/Oculus/OculusVR/Binaries/Win64/UE4Editor-OculusEditor.dll (API version 3944462).
LogModuleManager: Display: Found up-to-date module file ../../../Engine/Plugins/Runtime/PhysXVehicles/Binaries/Win64/UE4Editor-PhysXVehicles.dll (API version 3944462).
LogModuleManager: Display: Found up-to-date module file ../../../Engine/Plugins/Runtime/PhysXVehicles/Binaries/Win64/UE4Editor-PhysXVehiclesEditor.dll (API version 3944462).
LogModuleManager: Display: Found up-to-date module file ../../../Engine/Plugins/Runtime/RuntimePhysXCooking/Binaries/Win64/UE4Editor-RuntimePhysXCooking.dll (API version 3944462).
LogModuleManager: Display: Found up-to-date module file ../../../Engine/Plugins/Runtime/Steam/SteamVR/Binaries/Win64/UE4Editor-SteamVR.dll (API version 3944462).
LogModuleManager: Display: Found up-to-date module file ../../../Engine/Plugins/Runtime/Steam/SteamVR/Binaries/Win64/UE4Editor-SteamVRController.dll (API version 3944462).
LogModuleManager: Display: Found up-to-date module file ../../../Engine/Plugins/Runtime/WindowsMoviePlayer/Binaries/Win64/UE4Editor-WindowsMoviePlayer.dll (API version 3944462).
LogPluginManager: Mounting plugin Paper2D
LogPluginManager: Mounting plugin LiveLink
LogPluginManager: Mounting plugin LightPropagationVolume
LogPluginManager: Mounting plugin CLionSourceCodeAccess
LogPluginManager: Mounting plugin CodeLiteSourceCodeAccess
LogPluginManager: Mounting plugin GitSourceControl
LogPluginManager: Mounting plugin KDevelopSourceCodeAccess
LogPluginManager: Mounting plugin NullSourceCodeAccess
LogPluginManager: Mounting plugin PerforceSourceControl
LogPluginManager: Mounting plugin SubversionSourceControl
LogPluginManager: Mounting plugin UObjectPlugin
LogPluginManager: Mounting plugin VisualStudioCodeSourceCodeAccess
LogPluginManager: Mounting plugin VisualStudioSourceCodeAccess
LogPluginManager: Mounting plugin XCodeSourceCodeAccess
LogPluginManager: Mounting plugin AssetManagerEditor
LogPluginManager: Mounting plugin CryptoKeys
LogPluginManager: Mounting plugin DataValidation
LogPluginManager: Mounting plugin FacialAnimation
LogPluginManager: Mounting plugin GameplayTagsEditor
LogPluginManager: Mounting plugin MobileLauncherProfileWizard
LogPluginManager: Mounting plugin PluginBrowser
LogPluginManager: Mounting plugin SpeedTreeImporter
LogPluginManager: Mounting plugin DatasmithContent
LogPluginManager: Mounting plugin AlembicImporter
LogPluginManager: Mounting plugin CharacterAI
LogPluginManager: Mounting plugin HTML5Networking
LogPluginManager: Mounting plugin Substance
LogPluginManager: Mounting plugin AndroidMedia
LogPluginManager: Mounting plugin AvfMedia
LogPluginManager: Mounting plugin ImgMedia
LogPluginManager: Mounting plugin LinearTimecode
LogPluginManager: Mounting plugin MediaCompositing
LogPluginManager: Mounting plugin MediaPlayerEditor
LogPluginManager: Mounting plugin WmfMedia
LogPluginManager: Mounting plugin TcpMessaging
LogPluginManager: Mounting plugin UdpMessaging
LogPluginManager: Mounting plugin ActorSequence
LogPluginManager: Mounting plugin LevelSequenceEditor
LogPluginManager: Mounting plugin MatineeToLevelSequence
LogPluginManager: Mounting plugin NetcodeUnitTest
LogPluginManager: Mounting plugin NUTUnrealEngine4
LogPluginManager: Mounting plugin OnlineSubsystemGooglePlay
LogPluginManager: Mounting plugin OnlineSubsystemIOS
LogPluginManager: Mounting plugin OnlineSubsystem
LogPluginManager: Mounting plugin OnlineSubsystemNull
LogPluginManager: Mounting plugin OnlineSubsystemUtils
LogPluginManager: Mounting plugin AndroidDeviceProfileSelector
LogPluginManager: Mounting plugin AndroidMoviePlayer
LogPluginManager: Mounting plugin AndroidPermission
LogPluginManager: Mounting plugin AppleARKit
LogPluginManager: Mounting plugin AppleMoviePlayer
LogPluginManager: Mounting plugin ArchVisCharacter
LogPluginManager: Mounting plugin AudioCapture
LogPluginManager: Mounting plugin CableComponent
LogPluginManager: Mounting plugin CustomMeshComponent
LogPluginManager: Mounting plugin ExampleDeviceProfileSelector
LogPluginManager: Mounting plugin GoogleCloudMessaging
LogPluginManager: Mounting plugin ImmediatePhysics
LogPluginManager: Mounting plugin IOSDeviceProfileSelector
LogPluginManager: Mounting plugin LinuxDeviceProfileSelector
LogPluginManager: Mounting plugin LocationServicesBPLibrary
LogPluginManager: Mounting plugin MobilePatchingUtils
LogPluginManager: Mounting plugin OculusVR
LogPluginManager: Plugin shader directory ../../../Engine/Plugins/Runtime/Oculus/OculusVR/Shaders found
LogPluginManager: Mapping shader source directory ../../../Engine/Plugins/Runtime/Oculus/OculusVR/Shaders to virtual directory /Plugin/OculusVR
LogPluginManager: Mounting plugin PhysXVehicles
LogPluginManager: Mounting plugin ProceduralMeshComponent
LogPluginManager: Mounting plugin RuntimePhysXCooking
LogPluginManager: Mounting plugin SteamVR
LogPluginManager: Mounting plugin WindowsMoviePlayer
LogStreaming: Display: Took  0.653s to configure plugins.
LogInit: Using libcurl 7.47.1
LogInit:  - built for x86_64-pc-win32
LogInit:  - supports SSL with OpenSSL/1.0.2g
LogInit:  - supports HTTP deflate (compression) using libz 1.2.8
LogInit:  - other features:
LogInit:      CURL_VERSION_SSL
LogInit:      CURL_VERSION_LIBZ
LogInit:      CURL_VERSION_IPV6
LogInit:      CURL_VERSION_ASYNCHDNS
LogInit:      CURL_VERSION_LARGEFILE
LogInit:      CURL_VERSION_IDN
LogInit:  CurlRequestOptions (configurable via config and command line):
LogInit:  - bVerifyPeer = false  - Libcurl will NOT verify peer certificate
LogInit:  - bUseHttpProxy = false  - Libcurl will NOT use HTTP proxy
LogInit:  - bDontReuseConnections = false  - Libcurl will reuse connections
LogInit:  - CertBundlePath = nullptr  - Libcurl will use whatever was configured at build time.
LogInit:  - MaxHostConnections = 16  - Libcurl will limit the number of connections to a host
LogInit:  - LocalHostAddr = Default
LogInit: WinSock: version 1.1 (2.2), MaxSocks=32767, MaxUdp=65467
LogInit: WinSock: I am Nate-PC (192.168.1.15:0)
LogInit: Build: ++UE4+Release-4.19-CL-4033788
LogInit: Engine Version: 4.19.2-4033788+++UE4+Release-4.19
LogInit: Compatible Engine Version: 4.19.0-3944462+++UE4+Release-4.19
LogInit: Net CL: 3944462
LogDevObjectVersion: Number of dev versions registered: 18
LogDevObjectVersion:   Dev-Blueprints (B0D832E4-1F89-4F0D-ACCF-7EB736FD4AA2): 10
LogDevObjectVersion:   Dev-Build (E1C64328-A22C-4D53-A36C-8E866417BD8C): 0
LogDevObjectVersion:   Dev-Core (375EC13C-06E4-48FB-B500-84F0262A717E): 2
LogDevObjectVersion:   Dev-Editor (E4B068ED-F494-42E9-A231-DA0B2E46BB41): 23
LogDevObjectVersion:   Dev-Framework (CFFC743F-43B0-4480-9391-14DF171D2073): 33
LogDevObjectVersion:   Dev-Mobile (B02B49B5-BB20-44E9-A304-32B752E40360): 2
LogDevObjectVersion:   Dev-Networking (A4E4105C-59A1-49B5-A7C5-40C4547EDFEE): 0
LogDevObjectVersion:   Dev-Online (39C831C9-5AE6-47DC-9A44-9C173E1C8E7C): 0
LogDevObjectVersion:   Dev-Physics (78F01B33-EBEA-4F98-B9B4-84EACCB95AA2): 0
LogDevObjectVersion:   Dev-Platform (6631380F-2D4D-43E0-8009-CF276956A95A): 0
LogDevObjectVersion:   Dev-Rendering (12F88B9F-8875-4AFC-A67C-D90C383ABD29): 25
LogDevObjectVersion:   Dev-Sequencer (7B5AE74C-D270-4C10-A958-57980B212A5A): 6
LogDevObjectVersion:   Dev-VR (D7296918-1DD6-4BDD-9DE2-64A83CC13884): 1
LogDevObjectVersion:   Dev-LoadTimes (C2A15278-BFE7-4AFE-6C17-90FF531DF755): 1
LogDevObjectVersion:   Private-Geometry (6EACA3D4-40EC-4CC1-B786-8BED09428FC5): 2
LogDevObjectVersion:   Dev-AnimPhys (29E575DD-E0A3-4627-9D10-D276232CDCEA): 16
LogDevObjectVersion:   Dev-ReflectionCapture (6B266CEC-1EC7-4B8F-A30B-E4D90942FC07): 1
LogDevObjectVersion:   Dev-Automation (0DF73D61-A23F-47EA-B727-89E90C41499A): 1
LogInit: Compiled (64-bit): Apr 27 2018 02:06:57
LogInit: Compiled with Visual C++: 19.00.24215.01
LogInit: Build Configuration: Development
LogInit: Branch Name: ++UE4+Release-4.19
LogInit: Command Line:  
LogInit: Base Directory: C:/Program Files/Epic Games/UE_4.19/Engine/Binaries/Win64/
LogInit: Installed Engine Build: 1
LogStreaming: Display: Took  0.001s to delete old logs.
LogInit: Presizing for max 8388607 objects, including 0 objects not considered by GC, pre-allocating 0 bytes for permanent pool.
LogInit: Object subsystem initialized
[2018.07.25-00.38.36:274][  0]LogInit: Selected Device Profile: [Windows]
[2018.07.25-00.38.36:274][  0]LogInit: Applying CVar settings loaded from the selected device profile: [Windows]
[2018.07.25-00.38.36:283][  0]LogInit: Computer: NATE-PC
[2018.07.25-00.38.36:283][  0]LogInit: User: Nate
[2018.07.25-00.38.36:283][  0]LogInit: CPU Page size=4096, Cores=4
[2018.07.25-00.38.36:283][  0]LogInit: High frequency timer resolution =3.515644 MHz
[2018.07.25-00.38.36:284][  0]LogMemory: Memory total: Physical=15.9GB (16GB approx)
[2018.07.25-00.38.36:284][  0]LogMemory: Platform Memory Stats for Windows
[2018.07.25-00.38.36:284][  0]LogMemory: Process Physical Memory: 276.62 MB used, 276.62 MB peak
[2018.07.25-00.38.36:284][  0]LogMemory: Process Virtual Memory: 268.21 MB used, 268.21 MB peak
[2018.07.25-00.38.36:284][  0]LogMemory: Physical Memory: 5127.55 MB used,  11139.05 MB free, 16266.61 MB total
[2018.07.25-00.38.36:284][  0]LogMemory: Virtual Memory: 640.59 MB used,  11139.05 MB free, 8388608.00 MB total
[2018.07.25-00.38.36:372][  0]LogInit: Using OS detected language (en-US).
[2018.07.25-00.38.36:372][  0]LogInit: Using OS detected locale (en-US).
[2018.07.25-00.38.36:378][  0]LogTextLocalizationManager: No specific localization for 'en-US' exists, so the 'en' localization will be used.
[2018.07.25-00.38.36:817][  0]LogStreaming: Display: Took  0.443s to EndInitTextLocalization.
[2018.07.25-00.38.36:818][  0]LogWindows: Failed to load 'shcore.dll' (GetLastError=126)
[2018.07.25-00.38.36:818][  0]LogWindows: File 'shcore.dll' does not exist
[2018.07.25-00.38.36:818][  0]LogInit: Setting process to DPI aware
[2018.07.25-00.38.36:822][  0]LogWindows: Failed to load 'shcore.dll' (GetLastError=126)
[2018.07.25-00.38.36:822][  0]LogWindows: File 'shcore.dll' does not exist
[2018.07.25-00.38.36:822][  0]LogInit: Setting process to DPI aware
[2018.07.25-00.38.36:856][  0]LogSlate: New Slate User Created.  User Index 0, Is Virtual User: 0
[2018.07.25-00.38.36:856][  0]LogSlate: Slate User Registered.  User Index 0, Is Virtual User: 0
[2018.07.25-00.38.37:107][  0]LogD3D11RHI: D3D11 adapters:
[2018.07.25-00.38.37:125][  0]LogD3D11RHI:    0. 'NVIDIA GeForce GTX 760' (Feature Level 11_0)
[2018.07.25-00.38.37:125][  0]LogD3D11RHI:       1990/0/7877 MB DedicatedVideo/DedicatedSystem/SharedSystem, Outputs:1, VendorId:0x10de
[2018.07.25-00.38.37:131][  0]LogD3D11RHI:    1. 'Intel(R) HD Graphics 4600' (Feature Level 11_0)
[2018.07.25-00.38.37:131][  0]LogD3D11RHI:       192/0/1632 MB DedicatedVideo/DedicatedSystem/SharedSystem, Outputs:1, VendorId:0x8086
[2018.07.25-00.38.37:131][  0]LogD3D11RHI: Chosen D3D11 Adapter: 0
[2018.07.25-00.38.37:136][  0]LogD3D11RHI: Creating new Direct3DDevice
[2018.07.25-00.38.37:136][  0]LogD3D11RHI:     GPU DeviceId: 0x1187 (for the marketing name, search the web for "GPU Device Id")
[2018.07.25-00.38.37:136][  0]LogWindows: EnumDisplayDevices:
[2018.07.25-00.38.37:137][  0]LogWindows:    0. 'NVIDIA GeForce GTX 760' (P:1 D:1)
[2018.07.25-00.38.37:137][  0]LogWindows:    1. 'NVIDIA GeForce GTX 760' (P:0 D:0)
[2018.07.25-00.38.37:137][  0]LogWindows:    2. 'NVIDIA GeForce GTX 760' (P:0 D:0)
[2018.07.25-00.38.37:137][  0]LogWindows:    3. 'NVIDIA GeForce GTX 760' (P:0 D:0)
[2018.07.25-00.38.37:137][  0]LogWindows:    4. 'Intel(R) HD Graphics 4600' (P:0 D:1)
[2018.07.25-00.38.37:137][  0]LogWindows:    5. 'Intel(R) HD Graphics 4600' (P:0 D:0)
[2018.07.25-00.38.37:138][  0]LogWindows:    6. 'Intel(R) HD Graphics 4600' (P:0 D:0)
[2018.07.25-00.38.37:138][  0]LogWindows:    7. 'RDPDD Chained DD' (P:0 D:0)
[2018.07.25-00.38.37:138][  0]LogWindows:    8. 'RDP Encoder Mirror Driver' (P:0 D:0)
[2018.07.25-00.38.37:138][  0]LogWindows:    9. 'RDP Reflector Display Driver' (P:0 D:0)
[2018.07.25-00.38.37:138][  0]LogWindows: DebugString: PrimaryIsNotTheChoosenAdapter PrimaryIsNotTheChoosenAdapter PrimaryIsNotTheChoosenAdapter GetVideoDriverDetailsInvalid PrimaryIsNotTheChoosenAdapter GetVideoDriverDetailsInvalid PrimaryIsNotTheChoosenAdapter GetVideoDriverDetailsInvalid PrimaryIsNotTheChoosenAdapter FoundDriverCount:4 
[2018.07.25-00.38.37:138][  0]LogD3D11RHI:     Adapter Name: NVIDIA GeForce GTX 760
[2018.07.25-00.38.37:138][  0]LogD3D11RHI:   Driver Version: 388.13 (internal:23.21.13.8813, unified:388.13)
[2018.07.25-00.38.37:138][  0]LogD3D11RHI:      Driver Date: 10-27-2017
[2018.07.25-00.38.37:138][  0]LogRHI: Texture pool is 1393 MB (70% of 1990 MB)
[2018.07.25-00.38.37:150][  0]LogD3D11RHI: [Aftermath] Aftermath enabled but failed to initialize
[2018.07.25-00.38.37:150][  0]LogD3D11RHI: [Aftermath] Aftermath enabled and primed
[2018.07.25-00.38.37:150][  0]LogD3D11RHI: Async texture creation enabled
[2018.07.25-00.38.37:174][  0]LogD3D11RHI: GPU Timing Frequency: 1000.000000 (Debug: 2 2)
[2018.07.25-00.38.37:226][  0]LogShaderCompilers: Guid format shader working directory is -19 characters bigger than the processId version (../../../../../../Users/Nate/Desktop/Library Environment/Library/Intermediate/Shaders/WorkingDirectory/3480/).
[2018.07.25-00.38.37:226][  0]LogShaderCompilers: Cleaned the shader compiler working directory 'C:/Users/Nate/AppData/Local/Temp/UnrealShaderWorkingDir/7F6B1C024AAEE4B76671A8B2CF2893FE/'.
[2018.07.25-00.38.37:449][  0]LogTemp: Display: Loaded TP AllDesktopTargetPlatform
[2018.07.25-00.38.37:460][  0]LogTemp: Display: Loaded TP MacClientTargetPlatform
[2018.07.25-00.38.37:472][  0]LogTemp: Display: Loaded TP MacNoEditorTargetPlatform
[2018.07.25-00.38.37:484][  0]LogTemp: Display: Loaded TP MacServerTargetPlatform
[2018.07.25-00.38.37:497][  0]LogTemp: Display: Loaded TP MacTargetPlatform
[2018.07.25-00.38.37:509][  0]LogTemp: Display: Loaded TP WindowsClientTargetPlatform
[2018.07.25-00.38.37:520][  0]LogTemp: Display: Loaded TP WindowsNoEditorTargetPlatform
[2018.07.25-00.38.37:533][  0]LogTemp: Display: Loaded TP WindowsServerTargetPlatform
[2018.07.25-00.38.37:539][  0]LogTemp: Display: Loaded TP WindowsTargetPlatform
[2018.07.25-00.38.37:550][  0]LogTemp: Display: Loaded TP Android_ASTCTargetPlatform
[2018.07.25-00.38.37:562][  0]LogTemp: Display: Loaded TP Android_ATCTargetPlatform
[2018.07.25-00.38.37:573][  0]LogTemp: Display: Loaded TP Android_DXTTargetPlatform
[2018.07.25-00.38.37:585][  0]LogTemp: Display: Loaded TP Android_ETC1aTargetPlatform
[2018.07.25-00.38.37:597][  0]LogTemp: Display: Loaded TP Android_ETC1TargetPlatform
[2018.07.25-00.38.37:608][  0]LogTemp: Display: Loaded TP Android_ETC2TargetPlatform
[2018.07.25-00.38.37:631][  0]LogTemp: Display: Loaded TP Android_MultiTargetPlatform
[2018.07.25-00.38.37:631][  0]LogTemp: Display: Loaded TP Android_PVRTCTargetPlatform
[2018.07.25-00.38.37:643][  0]LogTemp: Display: Loaded TP AndroidTargetPlatform
[2018.07.25-00.38.37:644][  0]LogTemp: Display: Loaded TP HTML5TargetPlatform
[2018.07.25-00.38.37:682][  0]LogTemp: Display: Loaded TP IOSTargetPlatform
[2018.07.25-00.38.37:692][  0]LogTemp: Display: Loaded TP TVOSTargetPlatform
[2018.07.25-00.38.37:704][  0]LogTemp: Display: Loaded TP LinuxClientTargetPlatform
[2018.07.25-00.38.37:715][  0]LogTemp: Display: Loaded TP LinuxNoEditorTargetPlatform
[2018.07.25-00.38.37:726][  0]LogTemp: Display: Loaded TP LinuxServerTargetPlatform
[2018.07.25-00.38.37:739][  0]LogTemp: Display: Loaded TP LinuxTargetPlatform
[2018.07.25-00.38.37:739][  0]LogTargetPlatformManager: Display: Building Assets For Windows
[2018.07.25-00.38.37:851][  0]LogXGEController: Cleaning working directory: C:/Users/Nate/AppData/Local/Temp/UnrealXGEWorkingDir/
[2018.07.25-00.38.37:851][  0]LogXGEController: Cannot use XGE Controller as Incredibuild is not installed on this machine.
[2018.07.25-00.38.37:852][  0]LogShaderCompilers: Cannot use XGE Shader Compiler as Incredibuild is not installed on this machine.
[2018.07.25-00.38.37:852][  0]LogShaderCompilers: Display: Using Local Shader Compiler.
[2018.07.25-00.38.38:585][  0]LogDerivedDataCache: Display: Max Cache Size: 512 MB
[2018.07.25-00.38.38:813][  0]LogDerivedDataCache: Loaded boot cache 0.23s 74MB C:/Users/Nate/AppData/Local/UnrealEngine/4.19/DerivedDataCache/Boot.ddc.
[2018.07.25-00.38.38:813][  0]LogDerivedDataCache: Display: Loaded Boot cache: C:/Users/Nate/AppData/Local/UnrealEngine/4.19/DerivedDataCache/Boot.ddc
[2018.07.25-00.38.38:813][  0]LogDerivedDataCache: FDerivedDataBackendGraph:  Pak pak cache file ../../../../../../Users/Nate/Desktop/Library Environment/Library/DerivedDataCache/DDC.ddp not found, will not use a pak cache.
[2018.07.25-00.38.38:813][  0]LogDerivedDataCache: Unable to find inner node Pak for hierarchical cache Hierarchy.
[2018.07.25-00.38.38:813][  0]LogDerivedDataCache: FDerivedDataBackendGraph:  CompressedPak pak cache file ../../../../../../Users/Nate/Desktop/Library Environment/Library/DerivedDataCache/Compressed.ddp not found, will not use a pak cache.
[2018.07.25-00.38.38:813][  0]LogDerivedDataCache: Unable to find inner node CompressedPak for hierarchical cache Hierarchy.
[2018.07.25-00.38.38:834][  0]LogDerivedDataCache: Display: Pak cache opened for reading ../../../Engine/DerivedDataCache/Compressed.ddp.
[2018.07.25-00.38.38:845][  0]LogDerivedDataCache: Using Local data cache path C:/Users/Nate/AppData/Local/UnrealEngine/Common/DerivedDataCache: Writable
[2018.07.25-00.38.38:845][  0]LogDerivedDataCache: Shared data cache path not found in *engine.ini, will not use an Shared cache.
[2018.07.25-00.38.38:845][  0]LogDerivedDataCache: Unable to find inner node Shared for hierarchical cache Hierarchy.
[2018.07.25-00.38.38:857][  0]LogMaterial: Verifying Global Shaders for PCD3D_SM5
[2018.07.25-00.38.38:860][  0]LogSlate: Using Freetype 2.6.0
[2018.07.25-00.38.38:863][  0]LogSlate: SlateFontCache - WITH_FREETYPE: 1, WITH_HARFBUZZ: 1
[2018.07.25-00.38.38:863][  0]LogSlate: SlateFontCache - WITH_FREETYPE: 1, WITH_HARFBUZZ: 1
[2018.07.25-00.38.39:127][  0]LogAssetRegistry: FAssetRegistry took 0.0259 seconds to start up
[2018.07.25-00.38.39:471][  0]LogInit: Selected Device Profile: [Windows]
[2018.07.25-00.38.39:663][  0]LogSimplygon: Simplygon DLL not present - disabling.
[2018.07.25-00.38.39:668][  0]LogMeshReduction: Using SimplygonSwarm for distributed automatic mesh merging
[2018.07.25-00.38.39:668][  0]LogMeshReduction: Using QuadricMeshReduction for automatic static mesh reduction
[2018.07.25-00.38.39:668][  0]LogMeshReduction: No automatic skeletal mesh reduction module available
[2018.07.25-00.38.39:668][  0]LogMeshReduction: No automatic mesh merging module available
[2018.07.25-00.38.39:668][  0]LogMeshMerging: No automatic mesh merging module available
[2018.07.25-00.38.39:707][  0]LogNetVersion: Library , NetCL: 3944462, EngineNetVer: 2, GameNetVer: 0 (Checksum: 2815408437)
[2018.07.25-00.38.40:289][  0]LogPackageLocalizationCache: Processed 9 localized package path(s) for 2 prioritized culture(s) in 0.055207 seconds
[2018.07.25-00.38.40:295][  0]LogUObjectArray: 36728 objects as part of root set at end of initial load.
[2018.07.25-00.38.40:295][  0]LogUObjectAllocator: 7314312 out of 0 bytes used by permanent object pool.
[2018.07.25-00.38.40:295][  0]LogUObjectArray: CloseDisregardForGC: 0/0 objects in disregard for GC pool
[2018.07.25-00.38.42:423][  0]LogSubstanceCoreModule: Substance [CPU] Engine Loaded, Max Texture Size = 2048
[2018.07.25-00.38.42:440][  0]LogTcpMessaging: Initializing TcpMessaging bridge
[2018.07.25-00.38.42:464][  0]LogUdpMessaging: Initializing bridge on interface 0.0.0.0:0 to multicast group 230.0.0.1:6666.
[2018.07.25-00.38.42:741][  0]SourceControl: Source control is disabled
[2018.07.25-00.38.42:741][  0]SourceControl: Source control is disabled
[2018.07.25-00.38.42:756][  0]SourceControl: Source control is disabled
[2018.07.25-00.38.42:768][  0]SourceControl: Source control is disabled
[2018.07.25-00.38.43:133][  0]LogAndroidPermission: UAndroidPermissionCallbackProxy::GetInstance
[2018.07.25-00.38.43:243][  0]LogOcInput: OculusInput pre-init called
[2018.07.25-00.38.43:496][  0]LogEngine: Initializing Engine...
[2018.07.25-00.38.43:498][  0]LogHMD: Failed to initialize OpenVR with code 110
[2018.07.25-00.38.43:500][  0]LogStats: UGameplayTagsManager::ConstructGameplayTagTree: Construct from data asset -  0.000 s
[2018.07.25-00.38.43:500][  0]LogStats: UGameplayTagsManager::ConstructGameplayTagTree: GameplayTagTreeChangedEvent.Broadcast -  0.000 s
[2018.07.25-00.38.43:781][  0]LogAIModule: Creating AISystem for world Untitled
[2018.07.25-00.38.43:795][  0]LogInit: XAudio2 using 'Speakers (Siberia V2 Illuminated)' : 2 channels at 44.1 kHz using 16 bits per sample (channel mask 0x3)
[2018.07.25-00.38.43:802][  0]LogInit: FAudioDevice initialized.
[2018.07.25-00.38.43:877][  0]LogDerivedDataCache: Saved boot cache 0.07s 74MB C:/Users/Nate/AppData/Local/UnrealEngine/4.19/DerivedDataCache/Boot.ddc.
[2018.07.25-00.38.43:894][  0]LogInit: Texture streaming: Enabled
[2018.07.25-00.38.43:911][  0]LogEngineSessionManager: EngineSessionManager initialized
[2018.07.25-00.38.43:924][  0]LogInit: Transaction tracking system initialized
[2018.07.25-00.38.43:965][  0]BlueprintLog: New page: Editor Load
[2018.07.25-00.38.44:085][  0]LocalizationService: Localization service is disabled
[2018.07.25-00.38.44:197][  0]LogConsoleResponse: Display: 
[2018.07.25-00.38.44:381][  0]LogFileCache: Scanning file cache for directory 'C:/Users/Nate/Desktop/Library Environment/Library/Content/' took 0.01s
[2018.07.25-00.38.44:381][  0]LogCook: Display: Max memory allowance for cook 16384mb min free memory 0mb
[2018.07.25-00.38.44:381][  0]LogCook: Display: Mobile HDR setting 1
[2018.07.25-00.38.44:381][  0]LogGameplayTags: Display: UGameplayTagsManager::DoneAddingNativeTags. DelegateIsBound: 0
[2018.07.25-00.38.44:381][  0]LogStats: UGameplayTagsManager::ConstructGameplayTagTree: Construct from data asset -  0.000 s
[2018.07.25-00.38.44:381][  0]LogStats: UGameplayTagsManager::ConstructGameplayTagTree: GameplayTagTreeChangedEvent.Broadcast -  0.000 s
[2018.07.25-00.38.44:680][  0]SourceControl: Source control is disabled
[2018.07.25-00.38.44:681][  0]Cmd: MAP LOAD FILE="../../../../../../Users/Nate/Desktop/Library Environment/Library/Content/ThirdPersonBP/Maps/ThirdPersonExampleMap.umap" TEMPLATE=0 SHOWPROGRESS=1 FEATURELEVEL=3
[2018.07.25-00.38.44:682][  0]LightingResults: New page: Lighting Build
[2018.07.25-00.38.44:688][  0]MapCheck: New page: Map Check
[2018.07.25-00.38.44:688][  0]LightingResults: New page: Lighting Build
[2018.07.25-00.38.44:757][  0]LogUObjectGlobals: Created PersistentFrame Addr=0x00000000498865c0, Size=64, Default__ThirdPerson_AnimBP_C Function /Game/Mannequin/Animations/ThirdPerson_AnimBP.ThirdPerson_AnimBP_C:ExecuteUbergraph_ThirdPerson_AnimBP
[2018.07.25-00.38.44:769][  0]LogUObjectGlobals: Destroyed PersistentFrame Addr=0x00000000498865c0, Size=64
[2018.07.25-00.38.44:769][  0]LogUObjectGlobals: Created PersistentFrame Addr=0x0000000049886600, Size=64, Default__ThirdPerson_AnimBP_C Function /Engine/Transient.REINST_ThirdPerson_AnimBP_C_0:ExecuteUbergraph_ThirdPerson_AnimBP
[2018.07.25-00.38.44:780][  0]LogUObjectGlobals: Created PersistentFrame Addr=0x00000000497925c0, Size=72, Default__ThirdPerson_AnimBP_C Function /Game/Mannequin/Animations/ThirdPerson_AnimBP.ThirdPerson_AnimBP_C:ExecuteUbergraph_ThirdPerson_AnimBP
[2018.07.25-00.38.44:834][  0]LogUObjectGlobals: Created PersistentFrame Addr=0x0000000043eee0c0, Size=296, Default__ThirdPersonCharacter_C Function /Game/ThirdPersonBP/Blueprints/ThirdPersonCharacter.ThirdPersonCharacter_C:ExecuteUbergraph_ThirdPersonCharacter
[2018.07.25-00.38.44:840][  0]LogUObjectGlobals: Destroyed PersistentFrame Addr=0x0000000043eee0c0, Size=296
[2018.07.25-00.38.44:840][  0]LogUObjectGlobals: Created PersistentFrame Addr=0x0000000043eee0c0, Size=296, Default__ThirdPersonCharacter_C Function /Engine/Transient.REINST_ThirdPersonCharacter_C_4:ExecuteUbergraph_ThirdPersonCharacter
[2018.07.25-00.38.44:844][  0]LogUObjectGlobals: Created PersistentFrame Addr=0x0000000043eec900, Size=296, Default__ThirdPersonCharacter_C Function /Game/ThirdPersonBP/Blueprints/ThirdPersonCharacter.ThirdPersonCharacter_C:ExecuteUbergraph_ThirdPersonCharacter
[2018.07.25-00.38.45:229][  0]LogSkeletalMesh: Skeletal Mesh found in DDC [15.251260ms] /Game/Mannequin/Character/Mesh/SK_Mannequin.SK_Mannequin
[2018.07.25-00.38.45:277][  0]LogAIModule: Creating AISystem for world ThirdPersonExampleMap
[2018.07.25-00.38.45:302][  0]LogEditorServer: Finished looking for orphan Actors (0.000 secs)
[2018.07.25-00.38.45:315][  0]LogUObjectGlobals: Destroyed PersistentFrame Addr=0x0000000049886600, Size=64
[2018.07.25-00.38.45:315][  0]LogUObjectGlobals: Destroyed PersistentFrame Addr=0x0000000043eee0c0, Size=296
[2018.07.25-00.38.45:317][  0]Cmd: MAP CHECKDEP NOCLEARLOG
[2018.07.25-00.38.45:352][  0]MapCheck: Map check complete: 0 Error(s), 0 Warning(s), took 35.171ms to complete.
[2018.07.25-00.38.45:352][  0]LogFileHelpers: Loading map 'ThirdPersonExampleMap' took 0.672
[2018.07.25-00.38.45:515][  0]LogCollectionManager: Loaded 0 collections in 0.001031 seconds
[2018.07.25-00.38.45:566][  0]LogFileCache: Scanning file cache for directory 'C:/Users/Nate/Desktop/Library Environment/Library/Saved/Collections/' took 0.01s
[2018.07.25-00.38.45:566][  0]LogFileCache: Scanning file cache for directory 'C:/Users/Nate/Desktop/Library Environment/Library/Content/Developers/Nate/Collections/' took 0.01s
[2018.07.25-00.38.45:566][  0]LogFileCache: Scanning file cache for directory 'C:/Users/Nate/Desktop/Library Environment/Library/Content/Collections/' took 0.01s
[2018.07.25-00.38.45:566][  0]LogCollectionManager: Rebuilt the GUID cache for 0 collections in 0.000000 seconds
[2018.07.25-00.38.45:576][  0]LogContentBrowser: Native class hierarchy populated in 0.0086 seconds. Added 2466 classes and 564 folders.
[2018.07.25-00.38.45:585][  0]LogContentBrowser: Native class hierarchy updated for 'WidgetCarousel' in 0.0002 seconds. Added 0 classes and 0 folders.
[2018.07.25-00.38.45:654][  0]LogContentBrowser: Native class hierarchy updated for 'AddContentDialog' in 0.0002 seconds. Added 0 classes and 0 folders.
[2018.07.25-00.38.45:664][  0]LogContentBrowser: Native class hierarchy updated for 'SceneOutliner' in 0.0003 seconds. Added 1 classes and 2 folders.
[2018.07.25-00.38.45:710][  0]LogSlate: Took 0.000884 seconds to synchronously load lazily loaded font '../../../Engine/Content/Slate/Fonts/Roboto-Regular.ttf' (155K)
[2018.07.25-00.38.45:713][  0]LogSlate: Took 0.001140 seconds to synchronously load lazily loaded font '../../../Engine/Content/Slate/Fonts/Roboto-Bold.ttf' (160K)
[2018.07.25-00.38.45:721][  0]LogSlate: Took 0.001333 seconds to synchronously load lazily loaded font '../../../Engine/Content/Editor/Slate/Fonts/FontAwesome.ttf' (139K)
[2018.07.25-00.38.45:851][  0]LogRenderer: Reallocating scene render targets to support 1208x576 Format 9 NumSamples 1 (Frame:1).
[2018.07.25-00.38.46:085][  0]LogContentBrowser: Native class hierarchy updated for 'HierarchicalLODOutliner' in 0.0002 seconds. Added 0 classes and 0 folders.
[2018.07.25-00.38.46:085][  0]LogLoad: (Engine Initialization) Total time: 12.57 seconds
[2018.07.25-00.38.46:085][  0]LogLoad: (Engine Initialization) Total Blueprint compile time: 0.00 seconds
[2018.07.25-00.38.46:113][  0]LogContentStreaming: Texture pool size now 800 MB
[2018.07.25-00.38.46:139][  0]LogSlate: Took 0.000835 seconds to synchronously load lazily loaded font '../../../Engine/Content/Slate/Fonts/Roboto-Light.ttf' (167K)
[2018.07.25-00.38.46:157][  1]LogSubstanceLiveLink: Warning: Unable to send data along socket, closing connection
[2018.07.25-00.38.46:174][  1]LogAssetRegistry: Asset discovery search completed in 7.0680 seconds
[2018.07.25-00.38.46:176][  1]LogCollectionManager: Rebuilt the object cache for 0 collections in 0.000000 seconds (found 0 objects)
[2018.07.25-00.38.46:176][  1]LogCollectionManager: Fixed up redirectors for 0 collections in 0.000046 seconds (updated 0 objects)
[2018.07.25-00.39.06:573][331]LogSlate: FSceneViewport::OnFocusLost() reason 0
[2018.07.25-00.57.46:672][560]LogWindowsTextInputMethodSystem: Display: IME system now deactivated.
[2018.07.25-00.57.46:672][560]LogWindowsTextInputMethodSystem: Display: IME system now deactivated.
[2018.07.25-00.57.48:006][564]LogWindowsTextInputMethodSystem: Display: IME system now deactivated.
[2018.07.25-00.57.49:545][568]LogWindowsTextInputMethodSystem: Display: IME system now deactivated.
[2018.07.25-01.05.22:540][ 83]LogSlate: FSceneViewport::OnFocusLost() reason 0
[2018.07.25-01.05.22:671][ 93]LogSlate: Window 'Library - Unreal Editor' being destroyed
[2018.07.25-01.05.22:833][ 94]Cmd: QUIT_EDITOR
[2018.07.25-01.05.22:857][ 94]LogSlate: Slate User Destroyed.  User Index 0, Is Virtual User: 0
[2018.07.25-01.05.22:857][ 94]LogExit: Preparing to exit.
[2018.07.25-01.05.23:579][ 94]LogDirectoryWatcher: A directory notification for 'C:/Users/Nate/Desktop/Library Environment/Library/Content/' was aborted.
[2018.07.25-01.05.23:596][ 94]LogExit: Editor shut down
[2018.07.25-01.05.23:600][ 94]LogExit: Transaction tracking system shut down
[2018.07.25-01.05.23:601][ 94]LogUObjectGlobals: Destroyed PersistentFrame Addr=0x00000000497925c0, Size=72
[2018.07.25-01.05.23:601][ 94]LogUObjectGlobals: Destroyed PersistentFrame Addr=0x0000000043eec900, Size=296
[2018.07.25-01.05.23:788][ 94]LogDirectoryWatcher: A directory notification for '../../../Engine/Content/' was aborted.
[2018.07.25-01.05.23:788][ 94]LogDirectoryWatcher: A directory notification for '../../../../../../Users/Nate/Desktop/Library Environment/Library/Content/' was aborted.
[2018.07.25-01.05.23:788][ 94]LogDirectoryWatcher: A directory notification for '../../Plugins/2D/Paper2D/Content/' was aborted.
[2018.07.25-01.05.23:788][ 94]LogDirectoryWatcher: A directory notification for '../../Plugins/Enterprise/DatasmithContent/Content/' was aborted.
[2018.07.25-01.05.23:788][ 94]LogDirectoryWatcher: A directory notification for '../../Plugins/Media/MediaCompositing/Content/' was aborted.
[2018.07.25-01.05.23:788][ 94]LogDirectoryWatcher: A directory notification for '../../Plugins/Runtime/AppleARKit/Content/' was aborted.
[2018.07.25-01.05.23:788][ 94]LogDirectoryWatcher: A directory notification for '../../Plugins/Runtime/Oculus/OculusVR/Content/' was aborted.
[2018.07.25-01.05.23:788][ 94]LogDirectoryWatcher: A directory notification for '../../Plugins/Runtime/Steam/SteamVR/Content/' was aborted.
[2018.07.25-01.05.23:858][ 94]LogExit: Object subsystem successfully closed.
[2018.07.25-01.05.23:881][ 94]LogShaderCompilers: Display: Shaders left to compile 0
[2018.07.25-01.05.23:884][ 94]LogD3D11RHI: Shutdown
[2018.07.25-01.05.23:884][ 94]LogD3D11RHI: CleanupD3DDevice
[2018.07.25-01.05.23:886][ 94]LogD3D11RHI: ~FD3D11DynamicRHI
[2018.07.25-01.05.23:901][ 94]LogModuleManager: Shutting down and abandoning module HierarchicalLODOutliner (582)
[2018.07.25-01.05.23:901][ 94]LogModuleManager: Shutting down and abandoning module SceneOutliner (580)
[2018.07.25-01.05.23:901][ 94]LogModuleManager: Shutting down and abandoning module AddContentDialog (578)
[2018.07.25-01.05.23:902][ 94]LogDirectoryWatcher: A directory notification for 'C:/Program Files/Epic Games/UE_4.19/FeaturePacks/' was aborted.
[2018.07.25-01.05.23:902][ 94]LogModuleManager: Shutting down and abandoning module WidgetCarousel (577)
[2018.07.25-01.05.23:902][ 94]LogModuleManager: Shutting down and abandoning module EditorWidgets (574)
[2018.07.25-01.05.23:903][ 94]LogModuleManager: Shutting down and abandoning module CollectionManager (572)
[2018.07.25-01.05.23:903][ 94]LogDirectoryWatcher: A directory notification for 'C:/Users/Nate/Desktop/Library Environment/Library/Content/Collections/' was aborted.
[2018.07.25-01.05.23:903][ 94]LogDirectoryWatcher: A directory notification for 'C:/Users/Nate/Desktop/Library Environment/Library/Content/Developers/Nate/Collections/' was aborted.
[2018.07.25-01.05.23:903][ 94]LogDirectoryWatcher: A directory notification for 'C:/Users/Nate/Desktop/Library Environment/Library/Saved/Collections/' was aborted.
[2018.07.25-01.05.23:903][ 94]LogModuleManager: Shutting down and abandoning module StatsViewer (570)
[2018.07.25-01.05.23:903][ 94]LogModuleManager: Shutting down and abandoning module FoliageEdit (568)
[2018.07.25-01.05.23:903][ 94]LogModuleManager: Shutting down and abandoning module LandscapeEditor (566)
[2018.07.25-01.05.23:903][ 94]LogModuleManager: Shutting down and abandoning module MeshPaintMode (564)
[2018.07.25-01.05.23:903][ 94]LogModuleManager: Shutting down and abandoning module SceneDepthPickerMode (562)
[2018.07.25-01.05.23:903][ 94]LogModuleManager: Shutting down and abandoning module ActorPickerMode (560)
[2018.07.25-01.05.23:903][ 94]LogModuleManager: Shutting down and abandoning module GeometryMode (558)
[2018.07.25-01.05.23:903][ 94]LogModuleManager: Shutting down and abandoning module TextureAlignMode (556)
[2018.07.25-01.05.23:903][ 94]LogModuleManager: Shutting down and abandoning module BspMode (554)
[2018.07.25-01.05.23:903][ 94]LogModuleManager: Shutting down and abandoning module PIEPreviewDeviceProfileSelector (552)
[2018.07.25-01.05.23:903][ 94]LogModuleManager: Shutting down and abandoning module HardwareSurvey (550)
[2018.07.25-01.05.23:903][ 94]LogModuleManager: Shutting down and abandoning module SequenceRecorderSections (548)
[2018.07.25-01.05.23:903][ 94]LogModuleManager: Shutting down and abandoning module AutomationWorker (546)
[2018.07.25-01.05.23:903][ 94]LogModuleManager: Shutting down and abandoning module AudioCaptureEditor (544)
[2018.07.25-01.05.23:903][ 94]LogModuleManager: Shutting down and abandoning module SequenceRecorder (543)
[2018.07.25-01.05.23:903][ 94]LogModuleManager: Shutting down and abandoning module MatineeToLevelSequence (540)
[2018.07.25-01.05.23:903][ 94]LogModuleManager: Shutting down and abandoning module LevelSequenceEditor (538)
[2018.07.25-01.05.23:904][ 94]LogModuleManager: Shutting down and abandoning module PlacementMode (537)
[2018.07.25-01.05.23:904][ 94]LogModuleManager: Shutting down and abandoning module MaterialEditor (536)
[2018.07.25-01.05.23:906][ 94]LogModuleManager: Shutting down and abandoning module WmfMediaFactory (532)
[2018.07.25-01.05.23:906][ 94]LogModuleManager: Shutting down and abandoning module WmfMediaEditor (530)
[2018.07.25-01.05.23:906][ 94]LogModuleManager: Shutting down and abandoning module MediaPlayerEditor (528)
[2018.07.25-01.05.23:906][ 94]LogModuleManager: Shutting down and abandoning module OpenExrWrapper (526)
[2018.07.25-01.05.23:906][ 94]LogModuleManager: Shutting down and abandoning module ImgMediaFactory (524)
[2018.07.25-01.05.23:906][ 94]LogModuleManager: Shutting down and abandoning module ImgMediaEditor (522)
[2018.07.25-01.05.23:906][ 94]LogModuleManager: Shutting down and abandoning module AvfMediaFactory (520)
[2018.07.25-01.05.23:906][ 94]LogModuleManager: Shutting down and abandoning module AvfMediaEditor (518)
[2018.07.25-01.05.23:906][ 94]LogModuleManager: Shutting down and abandoning module AndroidMediaFactory (516)
[2018.07.25-01.05.23:906][ 94]LogModuleManager: Shutting down and abandoning module AndroidMediaEditor (514)
[2018.07.25-01.05.23:906][ 94]LogModuleManager: Shutting down and abandoning module CharacterAI (512)
[2018.07.25-01.05.23:906][ 94]LogModuleManager: Shutting down and abandoning module SmartSnapping (510)
[2018.07.25-01.05.23:906][ 94]LogModuleManager: Shutting down and abandoning module SessionServices (508)
[2018.07.25-01.05.23:906][ 94]LogModuleManager: Shutting down and abandoning module ViewportSnapping (506)
[2018.07.25-01.05.23:906][ 94]LogModuleManager: Shutting down and abandoning module ViewportInteraction (504)
[2018.07.25-01.05.23:906][ 94]LogModuleManager: Shutting down and abandoning module ClothPainter (502)
[2018.07.25-01.05.23:907][ 94]LogModuleManager: Shutting down and abandoning module SkeletalMeshEditor (501)
[2018.07.25-01.05.23:907][ 94]LogModuleManager: Shutting down and abandoning module LogVisualizer (498)
[2018.07.25-01.05.23:907][ 94]LogModuleManager: Shutting down and abandoning module IntroTutorials (496)
[2018.07.25-01.05.23:907][ 94]LogModuleManager: Shutting down and abandoning module GameProjectGeneration (495)
[2018.07.25-01.05.23:908][ 94]LogModuleManager: Shutting down and abandoning module IOSPlatformEditor (492)
[2018.07.25-01.05.23:908][ 94]LogModuleManager: Shutting down and abandoning module HTML5PlatformEditor (490)
[2018.07.25-01.05.23:908][ 94]LogModuleManager: Shutting down and abandoning module AndroidPlatformEditor (488)
[2018.07.25-01.05.23:908][ 94]LogModuleManager: Shutting down and abandoning module AndroidDeviceDetection (487)
[2018.07.25-01.05.24:223][ 94]LogModuleManager: Shutting down and abandoning module WindowsPlatformEditor (484)
[2018.07.25-01.05.24:223][ 94]LogModuleManager: Shutting down and abandoning module IOSRuntimeSettings (482)
[2018.07.25-01.05.24:223][ 94]LogModuleManager: Shutting down and abandoning module AndroidRuntimeSettings (480)
[2018.07.25-01.05.24:223][ 94]LogModuleManager: Shutting down and abandoning module InputBindingEditor (478)
[2018.07.25-01.05.24:223][ 94]LogModuleManager: Shutting down and abandoning module MergeActors (476)
[2018.07.25-01.05.24:224][ 94]LogModuleManager: Shutting down and abandoning module LocalizationDashboard (474)
[2018.07.25-01.05.24:224][ 94]LogModuleManager: Shutting down and abandoning module LocalizationService (473)
[2018.07.25-01.05.24:224][ 94]LogModuleManager: Shutting down and abandoning module HardwareTargeting (470)
[2018.07.25-01.05.24:224][ 94]LogModuleManager: Shutting down and abandoning module DeviceProfileEditor (468)
[2018.07.25-01.05.24:224][ 94]LogModuleManager: Shutting down and abandoning module UndoHistory (466)
[2018.07.25-01.05.24:224][ 94]LogModuleManager: Shutting down and abandoning module XmlParser (464)
[2018.07.25-01.05.24:224][ 94]LogModuleManager: Shutting down and abandoning module Blutility (462)
[2018.07.25-01.05.24:224][ 94]LogModuleManager: Shutting down and abandoning module ProjectSettingsViewer (460)
[2018.07.25-01.05.24:224][ 94]LogModuleManager: Shutting down and abandoning module ProjectTargetPlatformEditor (459)
[2018.07.25-01.05.24:224][ 94]LogModuleManager: Shutting down and abandoning module EditorSettingsViewer (456)
[2018.07.25-01.05.24:224][ 94]LogModuleManager: Shutting down and abandoning module SettingsEditor (454)
[2018.07.25-01.05.24:224][ 94]LogModuleManager: Shutting down and abandoning module ProjectLauncher (452)
[2018.07.25-01.05.24:225][ 94]LogModuleManager: Shutting down and abandoning module SessionFrontend (450)
[2018.07.25-01.05.24:225][ 94]LogModuleManager: Shutting down and abandoning module ProfilerClient (448)
[2018.07.25-01.05.24:225][ 94]LogModuleManager: Shutting down and abandoning module DeviceManager (446)
[2018.07.25-01.05.24:225][ 94]LogModuleManager: Shutting down and abandoning module TargetDeviceServices (445)
[2018.07.25-01.05.24:267][ 94]LogModuleManager: Shutting down and abandoning module AutomationController (442)
[2018.07.25-01.05.24:268][ 94]LogModuleManager: Shutting down and abandoning module AutomationWindow (440)
[2018.07.25-01.05.24:269][ 94]LogModuleManager: Shutting down and abandoning module Layers (438)
[2018.07.25-01.05.24:270][ 94]LogModuleManager: Shutting down and abandoning module ComponentVisualizers (436)
[2018.07.25-01.05.24:270][ 94]LogModuleManager: Shutting down and abandoning module DetailCustomizations (434)
[2018.07.25-01.05.24:270][ 94]LogModuleManager: Shutting down and abandoning module PackagesDialog (432)
[2018.07.25-01.05.24:270][ 94]LogModuleManager: Shutting down and abandoning module Persona (430)
[2018.07.25-01.05.24:271][ 94]LogModuleManager: Shutting down and abandoning module AdvancedPreviewScene (429)
[2018.07.25-01.05.24:271][ 94]LogModuleManager: Shutting down and abandoning module AnimGraph (427)
[2018.07.25-01.05.24:271][ 94]LogModuleManager: Shutting down and abandoning module Kismet (424)
[2018.07.25-01.05.24:271][ 94]LogModuleManager: Shutting down and abandoning module GraphEditor (422)
[2018.07.25-01.05.24:272][ 94]LogModuleManager: Shutting down and abandoning module ClassViewer (420)
[2018.07.25-01.05.24:272][ 94]LogModuleManager: Shutting down and abandoning module Toolbox (418)
[2018.07.25-01.05.24:272][ 94]LogModuleManager: Shutting down and abandoning module ModuleUI (416)
[2018.07.25-01.05.24:273][ 94]LogModuleManager: Shutting down and abandoning module MovieSceneTools (414)
[2018.07.25-01.05.24:273][ 94]LogModuleManager: Shutting down and abandoning module OutputLog (412)
[2018.07.25-01.05.24:273][ 94]LogModuleManager: Shutting down and abandoning module GammaUI (410)
[2018.07.25-01.05.24:273][ 94]LogModuleManager: Shutting down and abandoning module Documentation (408)
[2018.07.25-01.05.24:273][ 94]LogModuleManager: Shutting down and abandoning module MovieSceneTracks (406)
[2018.07.25-01.05.24:273][ 94]LogModuleManager: Shutting down and abandoning module MovieScene (404)
[2018.07.25-01.05.24:273][ 94]LogModuleManager: Shutting down and abandoning module StreamingPauseRendering (402)
[2018.07.25-01.05.24:273][ 94]LogModuleManager: Shutting down and abandoning module LauncherPlatform (400)
[2018.07.25-01.05.24:273][ 94]LogModuleManager: Shutting down and abandoning module AnalyticsET (398)
[2018.07.25-01.05.24:273][ 94]LogModuleManager: Shutting down and abandoning module PortalServices (396)
[2018.07.25-01.05.24:273][ 94]LogModuleManager: Shutting down and abandoning module PortalRpc (394)
[2018.07.25-01.05.24:273][ 94]LogModuleManager: Shutting down and abandoning module MessagingRpc (392)
[2018.07.25-01.05.24:273][ 94]LogModuleManager: Shutting down and abandoning module AIModule (390)
[2018.07.25-01.05.24:273][ 94]LogModuleManager: Shutting down and abandoning module GameplayDebugger (389)
[2018.07.25-01.05.24:273][ 94]LogModuleManager: Shutting down and abandoning module AITestSuite (387)
[2018.07.25-01.05.24:273][ 94]LogModuleManager: Shutting down and abandoning module DesktopPlatform (384)
[2018.07.25-01.05.24:273][ 94]LogModuleManager: Shutting down and abandoning module ProfilerService (382)
[2018.07.25-01.05.24:388][ 94]LogModuleManager: Shutting down and abandoning module TaskGraph (380)
[2018.07.25-01.05.24:388][ 94]LogModuleManager: Shutting down and abandoning module SubstanceLiveLink (378)
[2018.07.25-01.05.24:388][ 94]LogModuleManager: Shutting down and abandoning module SubstanceSource (376)
[2018.07.25-01.05.24:389][ 94]LogModuleManager: Shutting down and abandoning module SubstanceEditor (374)
[2018.07.25-01.05.24:389][ 94]LogModuleManager: Shutting down and abandoning module SteamVRController (372)
[2018.07.25-01.05.24:389][ 94]LogModuleManager: Shutting down and abandoning module ProceduralMeshComponentEditor (370)
[2018.07.25-01.05.24:389][ 94]LogModuleManager: Shutting down and abandoning module ProceduralMeshComponent (368)
[2018.07.25-01.05.24:389][ 94]LogModuleManager: Shutting down and abandoning module OculusInput (366)
[2018.07.25-01.05.24:389][ 94]LogModuleManager: Shutting down and abandoning module MobilePatchingUtils (364)
[2018.07.25-01.05.24:389][ 94]LogModuleManager: Shutting down and abandoning module CustomMeshComponent (362)
[2018.07.25-01.05.24:389][ 94]LogModuleManager: Shutting down and abandoning module CableComponent (360)
[2018.07.25-01.05.24:389][ 94]LogModuleManager: Shutting down and abandoning module AudioCapture (358)
[2018.07.25-01.05.24:389][ 94]LogModuleManager: Shutting down and abandoning module ArchVisCharacter (356)
[2018.07.25-01.05.24:389][ 94]LogModuleManager: Shutting down and abandoning module AndroidPermission (354)
[2018.07.25-01.05.24:389][ 94]LogModuleManager: Shutting down and abandoning module NUTUnrealEngine4 (350)
[2018.07.25-01.05.24:390][ 94]LogModuleManager: Shutting down and abandoning module NetcodeUnitTest (348)
[2018.07.25-01.05.24:390][ 94]LogModuleManager: Shutting down and abandoning module MediaCompositingEditor (346)
[2018.07.25-01.05.24:390][ 94]LogModuleManager: Shutting down and abandoning module MediaCompositing (344)
[2018.07.25-01.05.24:390][ 94]LogModuleManager: Shutting down and abandoning module LinearTimecode (342)
[2018.07.25-01.05.24:390][ 94]LogModuleManager: Shutting down and abandoning module ImgMedia (340)
[2018.07.25-01.05.24:393][ 94]LogModuleManager: Shutting down and abandoning module HTML5Networking (338)
[2018.07.25-01.05.24:395][ 94]LogModuleManager: Shutting down and abandoning module AlembicImporter (336)
[2018.07.25-01.05.24:400][ 94]LogModuleManager: Shutting down and abandoning module AlembicLibrary (335)
[2018.07.25-01.05.24:401][ 94]LogModuleManager: Shutting down and abandoning module GeometryCache (334)
[2018.07.25-01.05.24:401][ 94]LogModuleManager: Shutting down and abandoning module GeometryCacheEd (333)
[2018.07.25-01.05.24:401][ 94]LogModuleManager: Shutting down and abandoning module DatasmithContent (328)
[2018.07.25-01.05.24:401][ 94]LogModuleManager: Shutting down and abandoning module SpeedTreeImporter (326)
[2018.07.25-01.05.24:401][ 94]LogModuleManager: Shutting down and abandoning module PluginBrowser (324)
[2018.07.25-01.05.24:402][ 94]LogModuleManager: Shutting down and abandoning module MobileLauncherProfileWizard (322)
[2018.07.25-01.05.24:402][ 94]LogModuleManager: Shutting down and abandoning module CryptoKeysOpenSSL (320)
[2018.07.25-01.05.24:402][ 94]LogModuleManager: Shutting down and abandoning module CryptoKeys (318)
[2018.07.25-01.05.24:402][ 94]LogModuleManager: Shutting down and abandoning module VisualStudioSourceCodeAccess (316)
[2018.07.25-01.05.24:403][ 94]LogModuleManager: Shutting down and abandoning module VisualStudioCodeSourceCodeAccess (314)
[2018.07.25-01.05.24:403][ 94]LogModuleManager: Shutting down and abandoning module UObjectPlugin (312)
[2018.07.25-01.05.24:403][ 94]LogModuleManager: Shutting down and abandoning module SubversionSourceControl (310)
[2018.07.25-01.05.24:403][ 94]LogModuleManager: Shutting down and abandoning module PerforceSourceControl (308)
[2018.07.25-01.05.24:403][ 94]LogModuleManager: Shutting down and abandoning module GitSourceControl (306)
[2018.07.25-01.05.24:403][ 94]LogModuleManager: Shutting down and abandoning module SourceControl (305)
[2018.07.25-01.05.24:403][ 94]LogModuleManager: Shutting down and abandoning module CLionSourceCodeAccess (302)
[2018.07.25-01.05.24:403][ 94]LogModuleManager: Shutting down and abandoning module LightPropagationVolumeEditor (300)
[2018.07.25-01.05.24:403][ 94]LogModuleManager: Shutting down and abandoning module PaperTiledImporter (298)
[2018.07.25-01.05.24:403][ 94]LogModuleManager: Shutting down and abandoning module PaperSpriteSheetImporter (296)
[2018.07.25-01.05.24:403][ 94]LogModuleManager: Shutting down and abandoning module Paper2DEditor (294)
[2018.07.25-01.05.24:403][ 94]LogModuleManager: Shutting down and abandoning module MeshPaint (293)
[2018.07.25-01.05.24:403][ 94]LogModuleManager: Shutting down and abandoning module RuntimePhysXCooking (290)
[2018.07.25-01.05.24:403][ 94]LogModuleManager: Shutting down and abandoning module PhysXVehiclesEditor (288)
[2018.07.25-01.05.24:403][ 94]LogModuleManager: Shutting down and abandoning module PhysXVehicles (286)
[2018.07.25-01.05.24:403][ 94]LogModuleManager: Shutting down and abandoning module OculusEditor (284)
[2018.07.25-01.05.24:403][ 94]LogModuleManager: Shutting down and abandoning module LocationServicesBPLibrary (282)
[2018.07.25-01.05.24:403][ 94]LogModuleManager: Shutting down and abandoning module ImmediatePhysicsEditor (280)
[2018.07.25-01.05.24:403][ 94]LogModuleManager: Shutting down and abandoning module ImmediatePhysics (278)
[2018.07.25-01.05.24:403][ 94]LogModuleManager: Shutting down and abandoning module ActorSequence (276)
[2018.07.25-01.05.24:403][ 94]LogModuleManager: Shutting down and abandoning module UdpMessaging (274)
[2018.07.25-01.05.24:503][ 94]LogModuleManager: Shutting down and abandoning module TcpMessaging (272)
[2018.07.25-01.05.24:603][ 94]LogModuleManager: Shutting down and abandoning module SubstanceCore (270)
[2018.07.25-01.05.24:603][ 94]LogModuleManager: Shutting down and abandoning module GameplayTagsEditor (268)
[2018.07.25-01.05.24:603][ 94]LogModuleManager: Shutting down and abandoning module FacialAnimationEditor (266)
[2018.07.25-01.05.24:603][ 94]LogModuleManager: Shutting down and abandoning module FacialAnimation (264)
[2018.07.25-01.05.24:603][ 94]LogModuleManager: Shutting down and abandoning module DataValidation (262)
[2018.07.25-01.05.24:604][ 94]LogModuleManager: Shutting down and abandoning module AssetManagerEditor (260)
[2018.07.25-01.05.24:604][ 94]LogModuleManager: Shutting down and abandoning module LevelEditor (259)
[2018.07.25-01.05.24:605][ 94]LogModuleManager: Shutting down and abandoning module PixelInspectorModule (258)
[2018.07.25-01.05.24:605][ 94]LogModuleManager: Shutting down and abandoning module CommonMenuExtensions (256)
[2018.07.25-01.05.24:605][ 94]LogModuleManager: Shutting down and abandoning module MainFrame (254)
[2018.07.25-01.05.24:605][ 94]LogModuleManager: Shutting down and abandoning module HotReload (253)
[2018.07.25-01.05.24:606][ 94]LogModuleManager: Shutting down and abandoning module ContentBrowser (249)
[2018.07.25-01.05.24:607][ 94]LogModuleManager: Shutting down and abandoning module TreeMap (247)
[2018.07.25-01.05.24:607][ 94]LogModuleManager: Shutting down and abandoning module LightPropagationVolumeRuntime (244)
[2018.07.25-01.05.24:607][ 94]LogModuleManager: Shutting down and abandoning module LiveLinkEditor (242)
[2018.07.25-01.05.24:607][ 94]LogModuleManager: Shutting down and abandoning module LiveLink (240)
[2018.07.25-01.05.25:190][ 94]LogModuleManager: Shutting down and abandoning module Paper2D (238)
[2018.07.25-01.05.25:190][ 94]LogModuleManager: Shutting down and abandoning module WindowsMoviePlayer (236)
[2018.07.25-01.05.25:190][ 94]LogModuleManager: Shutting down and abandoning module WmfMedia (234)
[2018.07.25-01.05.25:191][ 94]LogModuleManager: Shutting down and abandoning module Media (233)
[2018.07.25-01.05.25:196][ 94]LogModuleManager: Shutting down and abandoning module PacketHandler (230)
[2018.07.25-01.05.25:196][ 94]LogModuleManager: Shutting down and abandoning module ClothingSystemEditor (228)
[2018.07.25-01.05.25:196][ 94]LogModuleManager: Shutting down and abandoning module ClothingSystemRuntime (226)
[2018.07.25-01.05.25:196][ 94]LogModuleManager: Shutting down and abandoning module MediaAssets (224)
[2018.07.25-01.05.25:196][ 94]LogModuleManager: Shutting down and abandoning module Overlay (222)
[2018.07.25-01.05.25:196][ 94]LogModuleManager: Shutting down and abandoning module OverlayEditor (221)
[2018.07.25-01.05.25:197][ 94]LogModuleManager: Shutting down and abandoning module VREditor (218)
[2018.07.25-01.05.25:197][ 94]LogModuleManager: Shutting down and abandoning module StringTableEditor (216)
[2018.07.25-01.05.25:197][ 94]LogModuleManager: Shutting down and abandoning module GameplayTasksEditor (214)
[2018.07.25-01.05.25:197][ 94]LogModuleManager: Shutting down and abandoning module BehaviorTreeEditor (212)
[2018.07.25-01.05.25:197][ 94]LogModuleManager: Shutting down and abandoning module FunctionalTesting (210)
[2018.07.25-01.05.25:197][ 94]LogModuleManager: Shutting down and abandoning module CollisionAnalyzer (208)
[2018.07.25-01.05.25:197][ 94]LogModuleManager: Shutting down and abandoning module WorkspaceMenuStructure (207)
[2018.07.25-01.05.25:197][ 94]LogModuleManager: Shutting down and abandoning module UMG (204)
[2018.07.25-01.05.25:197][ 94]LogModuleManager: Shutting down and abandoning module UMGEditor (203)
[2018.07.25-01.05.25:199][ 94]LogModuleManager: Shutting down and abandoning module Sequencer (202)
[2018.07.25-01.05.25:200][ 94]LogModuleManager: Shutting down and abandoning module MessageLog (199)
[2018.07.25-01.05.25:200][ 94]LogModuleManager: Shutting down and abandoning module SlateReflector (194)
[2018.07.25-01.05.25:200][ 94]LogModuleManager: Shutting down and abandoning module Slate (192)
[2018.07.25-01.05.25:200][ 94]LogModuleManager: Shutting down and abandoning module EditorStyle (190)
[2018.07.25-01.05.25:202][ 94]LogModuleManager: Shutting down and abandoning module MRMesh (188)
[2018.07.25-01.05.25:202][ 94]LogModuleManager: Shutting down and abandoning module SourceCodeAccess (186)
[2018.07.25-01.05.25:202][ 94]LogModuleManager: Shutting down and abandoning module HeadMountedDisplay (184)
[2018.07.25-01.05.25:202][ 94]LogModuleManager: Shutting down and abandoning module XAudio2 (182)
[2018.07.25-01.05.25:202][ 94]LogModuleManager: Shutting down and abandoning module Networking (180)
[2018.07.25-01.05.25:202][ 94]LogModuleManager: Shutting down and abandoning module Core (178)
[2018.07.25-01.05.25:202][ 94]LogModuleManager: Shutting down and abandoning module LevelSequence (176)
[2018.07.25-01.05.25:202][ 94]LogModuleManager: Shutting down and abandoning module KismetCompiler (174)
[2018.07.25-01.05.25:202][ 94]LogModuleManager: Shutting down and abandoning module MeshUtilities (172)
[2018.07.25-01.05.25:203][ 94]LogModuleManager: Shutting down and abandoning module MeshMergeUtilities (171)
[2018.07.25-01.05.25:203][ 94]LogModuleManager: Shutting down and abandoning module MeshReductionInterface (170)
[2018.07.25-01.05.25:203][ 94]LogModuleManager: Shutting down and abandoning module SimplygonSwarm (169)
[2018.07.25-01.05.25:203][ 94]LogModuleManager: Shutting down and abandoning module SimplygonMeshReduction (167)
[2018.07.25-01.05.25:203][ 94]LogModuleManager: Shutting down and abandoning module QuadricMeshReduction (165)
[2018.07.25-01.05.25:203][ 94]LogModuleManager: Shutting down and abandoning module MaterialBaking (161)
[2018.07.25-01.05.25:203][ 94]LogModuleManager: Shutting down and abandoning module DirectoryWatcher (157)
[2018.07.25-01.05.25:204][ 94]LogModuleManager: Shutting down and abandoning module DerivedDataCache (154)
[2018.07.25-01.05.25:254][ 94]LogDerivedDataCache: Shutdown
[2018.07.25-01.05.25:254][ 94]LogModuleManager: Shutting down and abandoning module XGEController (152)
[2018.07.25-01.05.25:254][ 94]LogXGEController: Cleaning working directory: C:/Users/Nate/AppData/Local/Temp/UnrealXGEWorkingDir/
[2018.07.25-01.05.25:254][ 94]LogModuleManager: Shutting down and abandoning module TargetPlatform (150)
[2018.07.25-01.05.25:254][ 94]LogModuleManager: Shutting down and abandoning module VulkanShaderFormat (149)
[2018.07.25-01.05.25:254][ 94]LogModuleManager: Shutting down and abandoning module ShaderFormatVectorVM (147)
[2018.07.25-01.05.25:255][ 94]LogModuleManager: Shutting down and abandoning module ShaderFormatOpenGL (145)
[2018.07.25-01.05.25:255][ 94]LogModuleManager: Shutting down and abandoning module ShaderFormatD3D (143)
[2018.07.25-01.05.25:255][ 94]LogModuleManager: Shutting down and abandoning module MetalShaderFormat (141)
[2018.07.25-01.05.25:255][ 94]LogModuleManager: Shutting down and abandoning module TextureFormatUncompressed (139)
[2018.07.25-01.05.25:255][ 94]LogModuleManager: Shutting down and abandoning module TextureFormatPVR (137)
[2018.07.25-01.05.25:255][ 94]LogModuleManager: Shutting down and abandoning module TextureFormatDXT (135)
[2018.07.25-01.05.25:255][ 94]LogModuleManager: Shutting down and abandoning module TextureFormatIntelISPCTexComp (133)
[2018.07.25-01.05.25:256][ 94]LogModuleManager: Shutting down and abandoning module TextureFormatASTC (131)
[2018.07.25-01.05.25:256][ 94]LogModuleManager: Shutting down and abandoning module ImageWrapper (130)
[2018.07.25-01.05.25:256][ 94]LogModuleManager: Shutting down and abandoning module TextureFormatAndroid (127)
[2018.07.25-01.05.25:256][ 94]LogModuleManager: Shutting down and abandoning module AudioFormatOpus (125)
[2018.07.25-01.05.25:256][ 94]LogModuleManager: Shutting down and abandoning module AudioFormatOgg (123)
[2018.07.25-01.05.25:256][ 94]LogModuleManager: Shutting down and abandoning module AudioFormatADPCM (121)
[2018.07.25-01.05.25:256][ 94]LogModuleManager: Shutting down and abandoning module LinuxTargetPlatform (119)
[2018.07.25-01.05.25:256][ 94]LogModuleManager: Shutting down and abandoning module LinuxServerTargetPlatform (117)
[2018.07.25-01.05.25:256][ 94]LogModuleManager: Shutting down and abandoning module LinuxNoEditorTargetPlatform (115)
[2018.07.25-01.05.25:256][ 94]LogModuleManager: Shutting down and abandoning module LinuxClientTargetPlatform (113)
[2018.07.25-01.05.25:256][ 94]LogModuleManager: Shutting down and abandoning module TVOSTargetPlatform (111)
[2018.07.25-01.05.25:256][ 94]LogModuleManager: Shutting down and abandoning module Messaging (109)
[2018.07.25-01.05.25:256][ 94]LogModuleManager: Shutting down and abandoning module IOSTargetPlatform (107)
[2018.07.25-01.05.25:256][ 94]LogModuleManager: Shutting down and abandoning module HTML5TargetPlatform (105)
[2018.07.25-01.05.25:256][ 94]LogModuleManager: Shutting down and abandoning module AndroidTargetPlatform (103)
[2018.07.25-01.05.25:256][ 94]LogModuleManager: Shutting down and abandoning module Android_PVRTCTargetPlatform (101)
[2018.07.25-01.05.25:256][ 94]LogModuleManager: Shutting down and abandoning module Android_MultiTargetPlatform (99)
[2018.07.25-01.05.25:256][ 94]LogModuleManager: Shutting down and abandoning module Android_ETC2TargetPlatform (97)
[2018.07.25-01.05.25:256][ 94]LogModuleManager: Shutting down and abandoning module Android_ETC1TargetPlatform (95)
[2018.07.25-01.05.25:256][ 94]LogModuleManager: Shutting down and abandoning module Android_ETC1aTargetPlatform (93)
[2018.07.25-01.05.25:256][ 94]LogModuleManager: Shutting down and abandoning module Android_DXTTargetPlatform (91)
[2018.07.25-01.05.25:256][ 94]LogModuleManager: Shutting down and abandoning module Android_ATCTargetPlatform (89)
[2018.07.25-01.05.25:256][ 94]LogModuleManager: Shutting down and abandoning module Android_ASTCTargetPlatform (87)
[2018.07.25-01.05.25:256][ 94]LogModuleManager: Shutting down and abandoning module WindowsTargetPlatform (85)
[2018.07.25-01.05.25:256][ 94]LogModuleManager: Shutting down and abandoning module WindowsServerTargetPlatform (83)
[2018.07.25-01.05.25:256][ 94]LogModuleManager: Shutting down and abandoning module WindowsNoEditorTargetPlatform (81)
[2018.07.25-01.05.25:256][ 94]LogModuleManager: Shutting down and abandoning module WindowsClientTargetPlatform (79)
[2018.07.25-01.05.25:256][ 94]LogModuleManager: Shutting down and abandoning module MacTargetPlatform (77)
[2018.07.25-01.05.25:256][ 94]LogModuleManager: Shutting down and abandoning module MacServerTargetPlatform (75)
[2018.07.25-01.05.25:256][ 94]LogModuleManager: Shutting down and abandoning module MacNoEditorTargetPlatform (73)
[2018.07.25-01.05.25:256][ 94]LogModuleManager: Shutting down and abandoning module MacClientTargetPlatform (71)
[2018.07.25-01.05.25:256][ 94]LogModuleManager: Shutting down and abandoning module AllDesktopTargetPlatform (69)
[2018.07.25-01.05.25:256][ 94]LogModuleManager: Shutting down and abandoning module InputCore (66)
[2018.07.25-01.05.25:256][ 94]LogModuleManager: Shutting down and abandoning module Settings (64)
[2018.07.25-01.05.25:256][ 94]LogModuleManager: Shutting down and abandoning module PhysXCooking (62)
[2018.07.25-01.05.25:256][ 94]LogModuleManager: Shutting down and abandoning module SteamVR (60)
[2018.07.25-01.05.25:256][ 94]LogModuleManager: Shutting down and abandoning module OculusHMD (58)
[2018.07.25-01.05.25:256][ 94]LogModuleManager: Shutting down and abandoning module ExampleDeviceProfileSelector (56)
[2018.07.25-01.05.25:256][ 94]LogModuleManager: Shutting down and abandoning module AppleARKit (54)
[2018.07.25-01.05.25:256][ 94]LogModuleManager: Shutting down and abandoning module AugmentedReality (51)
[2018.07.25-01.05.25:256][ 94]LogModuleManager: Shutting down and abandoning module OnlineBlueprintSupport (48)
[2018.07.25-01.05.25:256][ 94]LogModuleManager: Shutting down and abandoning module OnlineSubsystem (44)
[2018.07.25-01.05.25:257][ 94]LogModuleManager: Shutting down and abandoning module XMPP (43)
[2018.07.25-01.05.25:257][ 94]LogModuleManager: Shutting down and abandoning module HTTP (41)
[2018.07.25-01.05.25:257][ 94]LogHttp: Display: Http module shutting down, but needs to wait on 1 outstanding Http requests:
[2018.07.25-01.05.25:257][ 94]LogHttp: Display: 	verb=[POST] url=[https://datarouter.ol.epicgames.com/datarouter/api/v1/public/data?SessionID=%7BD4C86520-4FF1-A209-730C-82B8367B3853%7D&AppID=UEEditor.Rocket.Release&AppVersion=4.19.2-4033788%2B%2B%2BUE4%2BRelease-4.19&UserID=c64045e44aa062cd97b01b8e69ba929d%7C16c96479757c4167b90c86adf9dfa2e4%7C517945a2-6265-4ebe-990e-28eef57b7b49&AppEnvironment=datacollector-binary&UploadType=eteventstream] status=Processing
[2018.07.25-01.05.25:269][ 94]LogModuleManager: Shutting down and abandoning module SSL (40)
[2018.07.25-01.05.25:270][ 94]LogModuleManager: Shutting down and abandoning module AnimationModifiers (36)
[2018.07.25-01.05.25:270][ 94]LogModuleManager: Shutting down and abandoning module PropertyEditor (35)
[2018.07.25-01.05.25:270][ 94]LogModuleManager: Shutting down and abandoning module AudioEditor (32)
[2018.07.25-01.05.25:270][ 94]LogModuleManager: Shutting down and abandoning module TextureCompressor (30)
[2018.07.25-01.05.25:271][ 94]LogModuleManager: Shutting down and abandoning module ShaderCore (28)
[2018.07.25-01.05.25:271][ 94]LogModuleManager: Shutting down and abandoning module Landscape (26)
[2018.07.25-01.05.25:271][ 94]LogModuleManager: Shutting down and abandoning module SlateRHIRenderer (24)
[2018.07.25-01.05.25:272][ 94]LogModuleManager: Shutting down and abandoning module OpenGLDrv (22)
[2018.07.25-01.05.25:272][ 94]LogModuleManager: Shutting down and abandoning module D3D11RHI (20)
[2018.07.25-01.05.25:272][ 94]LogModuleManager: Shutting down and abandoning module AnimGraphRuntime (18)
[2018.07.25-01.05.25:272][ 94]LogModuleManager: Shutting down and abandoning module Renderer (16)
[2018.07.25-01.05.25:272][ 94]LogModuleManager: Shutting down and abandoning module Engine (14)
[2018.07.25-01.05.25:272][ 94]LogModuleManager: Shutting down and abandoning module CoreUObject (12)
[2018.07.25-01.05.25:272][ 94]LogModuleManager: Shutting down and abandoning module NetworkFile (10)
[2018.07.25-01.05.25:272][ 94]LogModuleManager: Shutting down and abandoning module CookedIterativeFile (8)
[2018.07.25-01.05.25:272][ 94]LogModuleManager: Shutting down and abandoning module StreamingFile (6)
[2018.07.25-01.05.25:272][ 94]LogModuleManager: Shutting down and abandoning module SandboxFile (4)
[2018.07.25-01.05.25:272][ 94]LogModuleManager: Shutting down and abandoning module PakFile (2)
[2018.07.25-01.05.25:277][ 94]LogExit: Exiting.
[2018.07.25-01.05.25:286][ 94]Log file closed, 07/24/18 19:05:25
